<?xml version="1.0" encoding="UTF-8"?>
<!-- Generated by org.testng.reporters.JUnitReportReporter -->
<testsuite hostname="sairam" failures="0" tests="9" name="CucuRunn.Runnerr" time="97.095" errors="1" timestamp="2022-07-24T06:42:22 AEST" skipped="0">
  <testcase classname="CucuRunn.Runnerr" name="runScenario" time="3.204"/>
  <system-out/>
  <testcase classname="CucuRunn.Runnerr" name="runScenario" time="3.467"/>
  <system-out/>
  <testcase classname="CucuRunn.Runnerr" name="runScenario" time="10.732">
    <error message="The step &#039;Enter Company name as &lt;companyname&gt;&#039; and 2 other step(s) are undefined.
You can implement these steps using the snippet(s) below:

@Then(&quot;Enter Company name as &lt;companyname&gt;&quot;)
public void enter_company_name_as_companyname() {
    // Write code here that turns the phrase above into concrete actions
    throw new io.cucumber.java.PendingException();
}
@Then(&quot;Enter First name as &lt;firname&gt;&quot;)
public void enter_first_name_as_firname() {
    // Write code here that turns the phrase above into concrete actions
    throw new io.cucumber.java.PendingException();
}
@Then(&quot;Enter Last name as &lt;lasname&gt;&quot;)
public void enter_last_name_as_lasname() {
    // Write code here that turns the phrase above into concrete actions
    throw new io.cucumber.java.PendingException();
}
" type="io.cucumber.testng.UndefinedStepException">
      <![CDATA[io.cucumber.testng.UndefinedStepException: The step 'Enter Company name as <companyname>' and 2 other step(s) are undefined.
You can implement these steps using the snippet(s) below:

@Then("Enter Company name as <companyname>")
public void enter_company_name_as_companyname() {
    // Write code here that turns the phrase above into concrete actions
    throw new io.cucumber.java.PendingException();
}
@Then("Enter First name as <firname>")
public void enter_first_name_as_firname() {
    // Write code here that turns the phrase above into concrete actions
    throw new io.cucumber.java.PendingException();
}
@Then("Enter Last name as <lasname>")
public void enter_last_name_as_lasname() {
    // Write code here that turns the phrase above into concrete actions
    throw new io.cucumber.java.PendingException();
}

at io.cucumber.core.runtime.TestCaseResultObserver.assertTestCasePassed(TestCaseResultObserver.java:69)
at io.cucumber.testng.TestCaseResultObserver.assertTestCasePassed(TestCaseResultObserver.java:23)
at io.cucumber.testng.TestNGCucumberRunner.lambda$runScenario$1(TestNGCucumberRunner.java:133)
at io.cucumber.core.runtime.CucumberExecutionContext.lambda$runTestCase$3(CucumberExecutionContext.java:110)
at io.cucumber.core.runtime.RethrowingThrowableCollector.executeAndThrow(RethrowingThrowableCollector.java:23)
at io.cucumber.core.runtime.CucumberExecutionContext.runTestCase(CucumberExecutionContext.java:110)
at io.cucumber.testng.TestNGCucumberRunner.runScenario(TestNGCucumberRunner.java:129)
at io.cucumber.testng.AbstractTestNGCucumberTests.runScenario(AbstractTestNGCucumberTests.java:35)
at java.base/jdk.internal.reflect.DirectMethodHandleAccessor.invoke(DirectMethodHandleAccessor.java:104)
at java.base/java.lang.reflect.Method.invoke(Method.java:577)
at org.testng.internal.MethodInvocationHelper.invokeMethod(MethodInvocationHelper.java:133)
at org.testng.internal.TestInvoker.invokeMethod(TestInvoker.java:598)
at org.testng.internal.TestInvoker.invokeTestMethod(TestInvoker.java:173)
at org.testng.internal.MethodRunner.runInSequence(MethodRunner.java:46)
at org.testng.internal.TestInvoker$MethodInvocationAgent.invoke(TestInvoker.java:824)
at org.testng.internal.TestInvoker.invokeTestMethods(TestInvoker.java:146)
at org.testng.internal.TestMethodWorker.invokeTestMethods(TestMethodWorker.java:146)
at org.testng.internal.TestMethodWorker.run(TestMethodWorker.java:128)
at java.base/java.util.ArrayList.forEach(ArrayList.java:1511)
at org.testng.TestRunner.privateRun(TestRunner.java:794)
at org.testng.TestRunner.run(TestRunner.java:596)
at org.testng.SuiteRunner.runTest(SuiteRunner.java:377)
at org.testng.SuiteRunner.runSequentially(SuiteRunner.java:371)
at org.testng.SuiteRunner.privateRun(SuiteRunner.java:332)
at org.testng.SuiteRunner.run(SuiteRunner.java:276)
at org.testng.SuiteRunnerWorker.runSuite(SuiteRunnerWorker.java:53)
at org.testng.SuiteRunnerWorker.run(SuiteRunnerWorker.java:96)
at org.testng.TestNG.runSuitesSequentially(TestNG.java:1212)
at org.testng.TestNG.runSuitesLocally(TestNG.java:1134)
at org.testng.TestNG.runSuites(TestNG.java:1063)
at org.testng.TestNG.run(TestNG.java:1031)
at org.testng.remote.AbstractRemoteTestNG.run(AbstractRemoteTestNG.java:115)
at org.testng.remote.RemoteTestNG.initAndRun(RemoteTestNG.java:251)
at org.testng.remote.RemoteTestNG.main(RemoteTestNG.java:77)
]]>
    </error>
  </testcase> <!-- runScenario -->
  <system-out/>
  <testcase classname="CucuRunn.Runnerr" name="runScenario" time="18.426"/>
  <system-out/>
  <testcase classname="CucuRunn.Runnerr" name="runScenario" time="7.553"/>
  <system-out/>
  <testcase classname="CucuRunn.Runnerr" name="runScenario" time="3.155"/>
  <system-out/>
  <testcase classname="CucuRunn.Runnerr" name="runScenario" time="3.238"/>
  <system-out/>
  <testcase classname="CucuRunn.Runnerr" name="runScenario" time="28.763"/>
  <system-out/>
  <testcase classname="CucuRunn.Runnerr" name="runScenario" time="18.557"/>
  <system-out/>
</testsuite> <!-- CucuRunn.Runnerr -->
